c:\felipe\openglroot\openglvs\openglvs\debug\vc141.pdb
c:\felipe\openglroot\openglvs\openglvs\debug\vc141.idb
c:\felipe\openglroot\openglvs\openglvs\debug\arm.obj
c:\felipe\openglroot\openglvs\openglvs\debug\armpart.obj
c:\felipe\openglroot\openglvs\openglvs\debug\artpicture.obj
c:\felipe\openglroot\openglvs\openglvs\debug\camera.obj
c:\felipe\openglroot\openglvs\openglvs\debug\main.obj
c:\felipe\openglroot\openglvs\openglvs\debug\armmovement.obj
c:\felipe\openglroot\openglvs\openglvs\debug\abstractfigure.obj
c:\felipe\openglroot\openglvs\openglvs\debug\cartesianspace.obj
c:\felipe\openglroot\openglvs\openglvs\debug\mesh.obj
c:\felipe\openglroot\openglvs\openglvs\debug\display.obj
c:\felipe\openglroot\openglvs\debug\openglvs.exe
c:\felipe\openglroot\openglvs\debug\openglvs.ilk
c:\felipe\openglroot\openglvs\debug\openglvs.pdb
c:\felipe\openglroot\openglvs\openglvs\debug\openglvs.tlog\cl.command.1.tlog
c:\felipe\openglroot\openglvs\openglvs\debug\openglvs.tlog\cl.read.1.tlog
c:\felipe\openglroot\openglvs\openglvs\debug\openglvs.tlog\cl.write.1.tlog
c:\felipe\openglroot\openglvs\openglvs\debug\openglvs.tlog\link.command.1.tlog
c:\felipe\openglroot\openglvs\openglvs\debug\openglvs.tlog\link.read.1.tlog
c:\felipe\openglroot\openglvs\openglvs\debug\openglvs.tlog\link.write.1.tlog
