  main.cpp
c:\felipe\openglroot\openglvs\openglvs\main.cpp(25): warning C4067: tokens inesperados após diretiva de pré-processador - esperado um newline
c:\felipe\openglroot\openglvs\openglvs\main.cpp(26): warning C4067: tokens inesperados após diretiva de pré-processador - esperado um newline
c:\felipe\openglroot\openglvs\openglvs\arm.h(10): warning C4067: tokens inesperados após diretiva de pré-processador - esperado um newline
c:\felipe\openglroot\openglvs\openglvs\arm.h(11): warning C4067: tokens inesperados após diretiva de pré-processador - esperado um newline
c:\felipe\openglroot\openglvs\openglvs\main.cpp(27): warning C4067: tokens inesperados após diretiva de pré-processador - esperado um newline
c:\felipe\openglroot\openglvs\openglvs\artpicture.h(6): warning C4067: tokens inesperados após diretiva de pré-processador - esperado um newline
c:\felipe\openglroot\openglvs\openglvs\artpicture.h(7): warning C4067: tokens inesperados após diretiva de pré-processador - esperado um newline
c:\felipe\openglroot\openglvs\openglvs\artpicture.h(8): warning C4067: tokens inesperados após diretiva de pré-processador - esperado um newline
c:\felipe\openglroot\openglvs\openglvs\artpicture.h(9): warning C4067: tokens inesperados após diretiva de pré-processador - esperado um newline
c:\felipe\openglroot\openglvs\openglvs\main.cpp(28): warning C4067: tokens inesperados após diretiva de pré-processador - esperado um newline
c:\felipe\openglroot\openglvs\openglvs\cartesianspace.h(6): warning C4067: tokens inesperados após diretiva de pré-processador - esperado um newline
c:\felipe\openglroot\openglvs\openglvs\cartesianspace.h(7): warning C4067: tokens inesperados após diretiva de pré-processador - esperado um newline
c:\felipe\openglroot\openglvs\openglvs\main.cpp(108): warning C4244: '=': conversão de 'double' para 'float', possível perda de dados
c:\felipe\openglroot\openglvs\openglvs\main.cpp(146): warning C4018: '<': incompatibilidade de signed/unsigned
c:\felipe\openglroot\openglvs\openglvs\main.cpp(150): warning C4018: '<': incompatibilidade de signed/unsigned
c:\felipe\openglroot\openglvs\openglvs\main.cpp(169): warning C4018: '<': incompatibilidade de signed/unsigned
c:\felipe\openglroot\openglvs\openglvs\main.cpp(234): warning C4244: '=': conversão de 'double' para 'float', possível perda de dados
c:\felipe\openglroot\openglvs\openglvs\main.cpp(257): warning C4244: '=': conversão de 'double' para 'GLfloat', possível perda de dados
c:\felipe\openglroot\openglvs\openglvs\main.cpp(258): warning C4244: '=': conversão de 'double' para 'GLfloat', possível perda de dados
c:\felipe\openglroot\openglvs\openglvs\main.cpp(262): warning C4244: 'inicializando': conversão de 'double' para 'GLfloat', possível perda de dados
c:\felipe\openglroot\openglvs\openglvs\main.cpp(263): warning C4244: 'inicializando': conversão de 'double' para 'GLfloat', possível perda de dados
c:\felipe\openglroot\openglvs\openglvs\main.cpp(265): warning C4244: '=': conversão de 'double' para 'GLfloat', possível perda de dados
c:\felipe\openglroot\openglvs\openglvs\main.cpp(266): warning C4244: '=': conversão de 'double' para 'GLfloat', possível perda de dados
c:\felipe\openglroot\openglvs\openglvs\main.cpp(274): warning C4244: 'argumento': conversão de 'double' para 'GLfloat', possível perda de dados
LINK : warning LNK4098: defaultlib 'LIBCMT' conflita com uso de outras bibliotecas; use /NODEFAULTLIB:library
LINK : warning LNK4098: defaultlib 'MSVCRT' conflita com uso de outras bibliotecas; use /NODEFAULTLIB:library
Display.obj : warning LNK4217: sÝmbolo definido localmente _glewInit@0 importado na funþÒo "public: void __thiscall Display::initGL(void)" (?initGL@Display@@QAEXXZ)
Mesh.obj : warning LNK4049: sÝmbolo definido localmente ___glewBindBuffer importado
Mesh.obj : warning LNK4049: sÝmbolo definido localmente ___glewBufferData importado
Mesh.obj : warning LNK4049: sÝmbolo definido localmente ___glewDeleteBuffers importado
Mesh.obj : warning LNK4049: sÝmbolo definido localmente ___glewGenBuffers importado
Mesh.obj : warning LNK4049: sÝmbolo definido localmente ___glewEnableVertexAttribArray importado
Mesh.obj : warning LNK4049: sÝmbolo definido localmente ___glewVertexAttribPointer importado
Mesh.obj : warning LNK4049: sÝmbolo definido localmente ___glewBindVertexArray importado
Mesh.obj : warning LNK4049: sÝmbolo definido localmente ___glewDeleteVertexArrays importado
Mesh.obj : warning LNK4049: sÝmbolo definido localmente ___glewGenVertexArrays importado
glew32s.lib(glew.obj) : warning LNK4099: PDB 'vc120.pdb' nÒo foi encontrado 'glew32s.lib(glew.obj)' ou no 'C:\Felipe\OpenGLRoot\OpenGLVS\Debug\vc120.pdb'; vinculando objeto quando quando sem nenhuma informaþÒo de depuraþÒo
  OpenGLVS.vcxproj -> C:\Felipe\OpenGLRoot\OpenGLVS\Debug\OpenGLVS.exe
